<?xml version="1.0" encoding="UTF-8"?>
<testsuite xmlns:xsi="http://www.w3.org/2001/XMLSchema-instance" xsi:noNamespaceSchemaLocation="https://maven.apache.org/surefire/maven-surefire-plugin/xsd/surefire-test-report-3.0.xsd" version="3.0" name="hu.bme.mit.train.sensor.TrainSensorTest" time="0.973" tests="2" errors="0" skipped="0" failures="0">
  <properties>
[...]
</properties>
  <testcase name="testAlarm" classname="hu.bme.mit.train.sensor.TrainSensorTest" time="0.842"/>
  <testcase name="testTachographRecording" classname="hu.bme.mit.train.sensor.TrainSensorTest" time="0.03"/>
</testsuite>